[debug] [2023-04-05T19:47:15.246Z] ----------------------------------------------------------------------
[debug] [2023-04-05T19:47:15.247Z] Command:       /opt/homebrew/Cellar/node/19.2.0/bin/node /opt/homebrew/bin/firebase init
[debug] [2023-04-05T19:47:15.248Z] CLI Version:   11.25.3
[debug] [2023-04-05T19:47:15.248Z] Platform:      darwin
[debug] [2023-04-05T19:47:15.248Z] Node Version:  v19.2.0
[debug] [2023-04-05T19:47:15.248Z] Time:          Wed Apr 05 2023 12:47:15 GMT-0700 (Pacific Daylight Time)
[debug] [2023-04-05T19:47:15.248Z] ----------------------------------------------------------------------
[debug] 
[debug] [2023-04-05T19:47:15.279Z] > command requires scopes: ["email","openid","https://www.googleapis.com/auth/cloudplatformprojects.readonly","https://www.googleapis.com/auth/firebase","https://www.googleapis.com/auth/cloud-platform"]
[debug] [2023-04-05T19:47:15.279Z] > authorizing via signed-in user (prashanth767@gmail.com)
[info] 
     ######## #### ########  ######## ########     ###     ######  ########
     ##        ##  ##     ## ##       ##     ##  ##   ##  ##       ##
     ######    ##  ########  ######   ########  #########  ######  ######
     ##        ##  ##    ##  ##       ##     ## ##     ##       ## ##
     ##       #### ##     ## ######## ########  ##     ##  ######  ########

You're about to initialize a Firebase project in this directory:

  /Users/pgovinda/dukaan-frontend

Before we get started, keep in mind:

  * You are initializing within an existing Firebase project directory

[info] 
=== Project Setup
[info] 
[info] First, let's associate this project directory with a Firebase project.
[info] You can create multiple project aliases by running firebase use --add, 
[info] but for now we'll just set up a default project.
[info] 
[debug] [2023-04-05T19:47:38.094Z] Using project from CLI flag: dukaan-2023
[debug] [2023-04-05T19:47:38.097Z] >>> [apiv2][query] GET https://firebase.googleapis.com/v1beta1/projects/dukaan-2023 [none]
[debug] [2023-04-05T19:47:38.403Z] <<< [apiv2][status] GET https://firebase.googleapis.com/v1beta1/projects/dukaan-2023 200
[debug] [2023-04-05T19:47:38.404Z] <<< [apiv2][body] GET https://firebase.googleapis.com/v1beta1/projects/dukaan-2023 {"projectId":"dukaan-2023","projectNumber":"215497516092","displayName":"dukaan","name":"projects/dukaan-2023","resources":{"hostingSite":"dukaan-2023","storageBucket":"dukaan-2023.appspot.com","locationId":"us-west1"},"state":"ACTIVE","etag":"1_2c7ac2ae-1d20-4e30-88ed-6bdfc475813e"}
[info] i  Using project dukaan-2023 (dukaan) 
[info] 
=== Hosting Setup
[info] 
[info] Your public directory is the folder (relative to your project directory) that
[info] will contain Hosting assets to be uploaded with firebase deploy. If you
[info] have a build process for your assets, use your build's output directory.
[info] 
[info] ✔  Wrote public/404.html 
[debug] [2023-04-05T19:47:55.854Z] >>> [apiv2][query] GET https://www.gstatic.com/firebasejs/releases.json [none]
[debug] [2023-04-05T19:47:55.978Z] <<< [apiv2][status] GET https://www.gstatic.com/firebasejs/releases.json 200
[debug] [2023-04-05T19:47:55.979Z] <<< [apiv2][body] GET https://www.gstatic.com/firebasejs/releases.json {"current":{"version":"9.19.1","browserURL":"https://www.gstatic.com/firebasejs/9.19.1/firebase.js","packageURL":"https://www.gstatic.com/firebasejs/9.19.1/firebase.tgz"},"live":{"version":"9.19","browserURL":"https://www.gstatic.com/firebasejs/live/9.19/firebase.js","packageURL":"https://www.gstatic.com/firebasejs/live/9.19/firebase.tgz"},"components":{"analytics":"https://www.gstatic.com/firebasejs/9.19.1/firebase-analytics.js","app":"https://www.gstatic.com/firebasejs/9.19.1/firebase-app.js","app-check":"https://www.gstatic.com/firebasejs/9.19.1/firebase-app-check.js","auth":"https://www.gstatic.com/firebasejs/9.19.1/firebase-auth.js","auth/cordova":"https://www.gstatic.com/firebasejs/9.19.1/firebase-auth/cordova.js","auth/react-native":"https://www.gstatic.com/firebasejs/9.19.1/firebase-auth/react-native.js","functions":"https://www.gstatic.com/firebasejs/9.19.1/firebase-functions.js","firestore":"https://www.gstatic.com/firebasejs/9.19.1/firebase-firestore.js","firestore/lite":"https://www.gstatic.com/firebasejs/9.19.1/firebase-firestore/lite.js","installations":"https://www.gstatic.com/firebasejs/9.19.1/firebase-installations.js","storage":"https://www.gstatic.com/firebasejs/9.19.1/firebase-storage.js","performance":"https://www.gstatic.com/firebasejs/9.19.1/firebase-performance.js","remote-config":"https://www.gstatic.com/firebasejs/9.19.1/firebase-remote-config.js","messaging":"https://www.gstatic.com/firebasejs/9.19.1/firebase-messaging.js","messaging/sw":"https://www.gstatic.com/firebasejs/9.19.1/firebase-messaging/sw.js","database":"https://www.gstatic.com/firebasejs/9.19.1/firebase-database.js","firestore.memory":"https://www.gstatic.com/firebasejs/9.19.1/firebase-firestore.memory.js"}}
